<?xml version="1.0" encoding="UTF-8"?>
<robot generator="Robot 7.0 (Python 3.12.3 on win32)" generated="2024-05-30T16:57:28.536260" rpa="false" schemaversion="5">
<suite id="s1" name="Test-Search" source="C:\Users\Ridwan Abdul Azzis\Documents\Kel12_SanberCode\Kelompok12-Sanber56-MobileAutomationTest\Suites\test-search.robot">
<test id="s1-t1" name="User should be able to login with valid credential" line="6">
<kw name="Open Flight Application" owner="base">
<kw name="Open Application" owner="AppiumLibrary">
<arg>${REMOTE_URL}</arg>
<arg>platformName=${PLATFORM_NAME}</arg>
<arg>platformVersion=${PLATFORM_VERSION}</arg>
<arg>deviceName=${DEVICE_NAME}</arg>
<arg>appPackage=${APP_PACKAGE}</arg>
<arg>appActivity=${APP_ACTIVITY}</arg>
<doc>Opens a new application to given Appium server.
Capabilities of appium server, Android and iOS,
Please check https://github.com/appium/appium/blob/master/docs/en/writing-running-appium/server-args.md
| *Option*            | *Man.* | *Description*     |
| remote_url          | Yes    | Appium server url |
| alias               | no     | alias             |
| strict_ssl          | No     | allows you to send commands to an invalid certificate host like a self-signed one. |</doc>
<status status="PASS" start="2024-05-30T16:57:28.708143" elapsed="13.846699"/>
</kw>
<status status="PASS" start="2024-05-30T16:57:28.708143" elapsed="13.847704"/>
</kw>
<kw name="Verify Homescreen" owner="loginPage">
<kw name="Element Should Be Visible" owner="AppiumLibrary">
<msg time="2024-05-30T16:57:43.906496" level="INFO">xpath criteria: //android.widget.ImageView[@resource-id="com.example.myapplication:id/imageView"]</msg>
<arg>locator=//android.widget.ImageView[@resource-id="com.example.myapplication:id/imageView"]</arg>
<doc>Verifies that element identified with locator is visible.</doc>
<status status="PASS" start="2024-05-30T16:57:42.555847" elapsed="1.350649"/>
</kw>
<status status="PASS" start="2024-05-30T16:57:42.555847" elapsed="1.350649"/>
</kw>
<kw name="Click Sign In Button" owner="loginPage">
<kw name="Click Element" owner="AppiumLibrary">
<msg time="2024-05-30T16:57:43.906496" level="INFO">Clicking element '//android.widget.Button[@resource-id="com.example.myapplication:id/login"]'.</msg>
<msg time="2024-05-30T16:57:44.173003" level="INFO">xpath criteria: //android.widget.Button[@resource-id="com.example.myapplication:id/login"]</msg>
<arg>locator=//android.widget.Button[@resource-id="com.example.myapplication:id/login"]</arg>
<doc>Click element identified by `locator`.</doc>
<status status="PASS" start="2024-05-30T16:57:43.906496" elapsed="0.266507"/>
</kw>
<status status="PASS" start="2024-05-30T16:57:43.906496" elapsed="0.266507"/>
</kw>
<kw name="Input Username" owner="loginPage">
<kw name="Wait Until Element Is Visible" owner="AppiumLibrary">
<msg time="2024-05-30T16:57:45.515422" level="INFO">xpath criteria: //android.widget.EditText[@resource-id="com.example.myapplication:id/username"]
xpath criteria: //android.widget.EditText[@resource-id="com.example.myapplication:id/username"]</msg>
<arg>locator=//android.widget.EditText[@resource-id="com.example.myapplication:id/username"]</arg>
<doc>Waits until element specified with `locator` is visible.</doc>
<status status="PASS" start="2024-05-30T16:57:44.173003" elapsed="1.342419"/>
</kw>
<kw name="Input Text" owner="AppiumLibrary">
<msg time="2024-05-30T16:57:45.516425" level="INFO">Typing text 'support@ngendigital.com' into text field '//android.widget.EditText[@resource-id="com.example.myapplication:id/username"]'</msg>
<msg time="2024-05-30T16:57:45.708538" level="INFO">xpath criteria: //android.widget.EditText[@resource-id="com.example.myapplication:id/username"]</msg>
<arg>locator=//android.widget.EditText[@resource-id="com.example.myapplication:id/username"]</arg>
<arg>text=support@ngendigital.com</arg>
<doc>Types the given `text` into text field identified by `locator`.</doc>
<status status="PASS" start="2024-05-30T16:57:45.515422" elapsed="0.193116"/>
</kw>
<status status="PASS" start="2024-05-30T16:57:44.173003" elapsed="1.535535"/>
</kw>
<kw name="Input User Password" owner="loginPage">
<kw name="Input Text" owner="AppiumLibrary">
<msg time="2024-05-30T16:57:45.710302" level="INFO">Typing text 'abc123' into text field '//android.widget.EditText[@resource-id="com.example.myapplication:id/password"]'</msg>
<msg time="2024-05-30T16:57:46.387793" level="INFO">xpath criteria: //android.widget.EditText[@resource-id="com.example.myapplication:id/password"]</msg>
<arg>locator=//android.widget.EditText[@resource-id="com.example.myapplication:id/password"]</arg>
<arg>text=abc123</arg>
<doc>Types the given `text` into text field identified by `locator`.</doc>
<status status="PASS" start="2024-05-30T16:57:45.708538" elapsed="0.679255"/>
</kw>
<status status="PASS" start="2024-05-30T16:57:45.708538" elapsed="0.679255"/>
</kw>
<kw name="Click Login Button On Screen" owner="loginPage">
<kw name="Click Element" owner="AppiumLibrary">
<msg time="2024-05-30T16:57:46.389499" level="INFO">Clicking element '//android.widget.Button[@resource-id="com.example.myapplication:id/signIn"]'.</msg>
<msg time="2024-05-30T16:57:47.082095" level="INFO">xpath criteria: //android.widget.Button[@resource-id="com.example.myapplication:id/signIn"]</msg>
<arg>locator=//android.widget.Button[@resource-id="com.example.myapplication:id/signIn"]</arg>
<doc>Click element identified by `locator`.</doc>
<status status="PASS" start="2024-05-30T16:57:46.387793" elapsed="0.694302"/>
</kw>
<status status="PASS" start="2024-05-30T16:57:46.387793" elapsed="0.694302"/>
</kw>
<kw name="Verify Succes Login" owner="loginPage">
<kw name="Wait Until Element Is Visible" owner="AppiumLibrary">
<msg time="2024-05-30T16:57:48.049267" level="INFO">xpath criteria: //android.widget.TextView[@resource-id="com.example.myapplication:id/textView"]
xpath criteria: //android.widget.TextView[@resource-id="com.example.myapplication:id/textView"]</msg>
<arg>locator=//android.widget.TextView[@resource-id="com.example.myapplication:id/textView"]</arg>
<doc>Waits until element specified with `locator` is visible.</doc>
<status status="PASS" start="2024-05-30T16:57:47.097708" elapsed="0.951559"/>
</kw>
<status status="PASS" start="2024-05-30T16:57:47.097708" elapsed="0.951559"/>
</kw>
<status status="PASS" start="2024-05-30T16:57:28.708143" elapsed="19.341124"/>
</test>
<test id="s1-t2" name="User Search for The Ticket" line="15">
<kw name="Click SearchPage Button" owner="searchPage">
<kw name="Click Element" owner="AppiumLibrary">
<msg time="2024-05-30T16:57:48.050415" level="INFO">Clicking element '//android.widget.Button[@resource-id="com.example.myapplication:id/search_flight"]'.</msg>
<msg time="2024-05-30T16:57:48.303384" level="INFO">xpath criteria: //android.widget.Button[@resource-id="com.example.myapplication:id/search_flight"]</msg>
<arg>locator=//android.widget.Button[@resource-id="com.example.myapplication:id/search_flight"]</arg>
<doc>Click element identified by `locator`.</doc>
<status status="PASS" start="2024-05-30T16:57:48.050415" elapsed="0.252969"/>
</kw>
<status status="PASS" start="2024-05-30T16:57:48.050415" elapsed="0.252969"/>
</kw>
<kw name="Verify Search Page" owner="searchPage">
<kw name="Wait Until Element Is Visible" owner="AppiumLibrary">
<msg time="2024-05-30T16:57:50.005222" level="INFO">xpath criteria: //android.widget.TextView[@resource-id="com.example.myapplication:id/enterFlight"]
xpath criteria: //android.widget.TextView[@resource-id="com.example.myapplication:id/enterFlight"]</msg>
<arg>locator=//android.widget.TextView[@resource-id="com.example.myapplication:id/enterFlight"]</arg>
<doc>Waits until element specified with `locator` is visible.</doc>
<status status="PASS" start="2024-05-30T16:57:48.303384" elapsed="1.701838"/>
</kw>
<status status="PASS" start="2024-05-30T16:57:48.303384" elapsed="1.701838"/>
</kw>
<kw name="Input Ticket" owner="searchPage">
<kw name="Wait Until Element Is Visible" owner="AppiumLibrary">
<msg time="2024-05-30T16:57:50.141040" level="INFO">xpath criteria: //android.widget.EditText[@resource-id="com.example.myapplication:id/flight_number"]</msg>
<arg>locator=//android.widget.EditText[@resource-id="com.example.myapplication:id/flight_number"]</arg>
<doc>Waits until element specified with `locator` is visible.</doc>
<status status="PASS" start="2024-05-30T16:57:50.005222" elapsed="0.136954"/>
</kw>
<kw name="Input Text" owner="AppiumLibrary">
<msg time="2024-05-30T16:57:50.142680" level="INFO">Typing text 'DA935' into text field '//android.widget.EditText[@resource-id="com.example.myapplication:id/flight_number"]'</msg>
<msg time="2024-05-30T16:57:50.298264" level="INFO">xpath criteria: //android.widget.EditText[@resource-id="com.example.myapplication:id/flight_number"]</msg>
<arg>locator=//android.widget.EditText[@resource-id="com.example.myapplication:id/flight_number"]</arg>
<arg>text=DA935</arg>
<doc>Types the given `text` into text field identified by `locator`.</doc>
<status status="PASS" start="2024-05-30T16:57:50.142176" elapsed="0.156088"/>
</kw>
<status status="PASS" start="2024-05-30T16:57:50.005222" elapsed="0.293042"/>
</kw>
<kw name="Click Search Button" owner="searchPage">
<kw name="Click Element" owner="AppiumLibrary">
<msg time="2024-05-30T16:57:50.300269" level="INFO">Clicking element '//android.widget.Button[@resource-id="com.example.myapplication:id/searchFlight"]'.</msg>
<msg time="2024-05-30T16:57:50.957923" level="INFO">xpath criteria: //android.widget.Button[@resource-id="com.example.myapplication:id/searchFlight"]</msg>
<arg>locator=//android.widget.Button[@resource-id="com.example.myapplication:id/searchFlight"]</arg>
<doc>Click element identified by `locator`.</doc>
<status status="PASS" start="2024-05-30T16:57:50.299267" elapsed="0.658656"/>
</kw>
<status status="PASS" start="2024-05-30T16:57:50.299267" elapsed="0.658656"/>
</kw>
<status status="PASS" start="2024-05-30T16:57:48.050415" elapsed="2.907508"/>
</test>
<status status="PASS" start="2024-05-30T16:57:28.536260" elapsed="22.421663"/>
</suite>
<statistics>
<total>
<stat pass="2" fail="0" skip="0">All Tests</stat>
</total>
<tag>
</tag>
<suite>
<stat pass="2" fail="0" skip="0" id="s1" name="Test-Search">Test-Search</stat>
</suite>
</statistics>
<errors>
</errors>
</robot>
